<?xml version="1.0" encoding="UTF-8"?>
<!-- Generated by org.testng.reporters.JUnitReportReporter -->
<testsuite name="NEFHAM.NEFHAM.RegistrationTest" tests="2" time="0.035" ignored="3" failures="0" timestamp="10 Mar 2017 13:57:37 GMT" skipped="0" hostname="cando" errors="0">
  <testcase name="createTeacherAccount" time="0.005" classname="NEFHAM.NEFHAM.RegistrationTest"/>
  <testcase name="createTeacherAccount" time="0.030" classname="NEFHAM.NEFHAM.RegistrationTest"/>
  <testcase name="createStudentAccount" classname="NEFHAM.NEFHAM.RegistrationTest">
    <skipped/>
  </testcase> <!-- createStudentAccount -->
  <testcase name="loginAsStudent" classname="NEFHAM.NEFHAM.RegistrationTest">
    <skipped/>
  </testcase> <!-- loginAsStudent -->
  <testcase name="loginAsTeacher" classname="NEFHAM.NEFHAM.RegistrationTest">
    <skipped/>
  </testcase> <!-- loginAsTeacher -->
</testsuite> <!-- NEFHAM.NEFHAM.RegistrationTest -->
